<?xml version="1.0" encoding="UTF-8"?>
<testng-results ignored="0" total="1" passed="1" failed="0" skipped="0">
  <reporter-output>
  </reporter-output>
  <suite started-at="2025-04-03T16:16:21 IST" name="Default suite" finished-at="2025-04-03T16:16:29 IST" duration-ms="7752">
    <groups>
    </groups>
    <test started-at="2025-04-03T16:16:21 IST" name="Default test" finished-at="2025-04-03T16:16:29 IST" duration-ms="7752">
      <class name="testNG.test">
        <test-method is-config="true" signature="launch_chrome()[pri:0, instance:testNG.test@68c9133c]" started-at="2025-04-03T16:16:21 IST" name="launch_chrome" finished-at="2025-04-03T16:16:29 IST" duration-ms="7674" status="PASS">
          <reporter-output>
          </reporter-output>
        </test-method> <!-- launch_chrome -->
        <test-method signature="test1()[pri:0, instance:testNG.test@68c9133c]" started-at="2025-04-03T16:16:29 IST" name="test1" finished-at="2025-04-03T16:16:29 IST" duration-ms="41" status="PASS">
          <reporter-output>
          </reporter-output>
        </test-method> <!-- test1 -->
      </class> <!-- testNG.test -->
    </test> <!-- Default test -->
  </suite> <!-- Default suite -->
</testng-results>
