<?xml version="1.0" encoding="UTF-8"?>
<testng-results ignored="0" total="1" passed="1" failed="0" skipped="0">
  <reporter-output>
  </reporter-output>
  <suite started-at="2025-04-01T12:09:25 IST" name="Default suite" finished-at="2025-04-01T12:10:01 IST" duration-ms="36242">
    <groups>
      <group name="cucumber">
        <method signature="AbstractTestNGCucumberTests.runScenario(io.cucumber.testng.PickleWrapper,io.cucumber.testng.FeatureWrapper)[pri:0, instance:assign_runner.assignrunner@792b749c]" name="runScenario" class="io.cucumber.testng.AbstractTestNGCucumberTests"/>
      </group> <!-- cucumber -->
    </groups>
    <test started-at="2025-04-01T12:09:25 IST" name="Default test" finished-at="2025-04-01T12:10:01 IST" duration-ms="36242">
      <class name="assign_runner.assignrunner">
        <test-method is-config="true" signature="setUpClass(org.testng.ITestContext)[pri:0, instance:assign_runner.assignrunner@792b749c]" started-at="2025-04-01T12:09:25 IST" name="setUpClass" finished-at="2025-04-01T12:09:25 IST" duration-ms="508" status="PASS">
          <params>
            <param index="0">
              <value>
                <![CDATA[org.testng.TestRunner@36480b2d]]>
              </value>
            </param>
          </params>
          <reporter-output>
          </reporter-output>
        </test-method> <!-- setUpClass -->
        <test-method signature="runScenario(io.cucumber.testng.PickleWrapper,io.cucumber.testng.FeatureWrapper)[pri:0, instance:assign_runner.assignrunner@792b749c]" started-at="2025-04-01T12:09:25 IST" name="runScenario" description="Runs Cucumber Scenarios" data-provider="scenarios" finished-at="2025-04-01T12:10:01 IST" duration-ms="35674" status="PASS">
          <params>
            <param index="0">
              <value>
                <![CDATA["Verify the successful login"]]>
              </value>
            </param>
            <param index="1">
              <value>
                <![CDATA["login feature"]]>
              </value>
            </param>
          </params>
          <reporter-output>
          </reporter-output>
        </test-method> <!-- runScenario -->
        <test-method is-config="true" signature="tearDownClass()[pri:0, instance:assign_runner.assignrunner@792b749c]" started-at="2025-04-01T12:10:01 IST" name="tearDownClass" finished-at="2025-04-01T12:10:01 IST" duration-ms="22" status="PASS">
          <reporter-output>
          </reporter-output>
        </test-method> <!-- tearDownClass -->
      </class> <!-- assign_runner.assignrunner -->
    </test> <!-- Default test -->
  </suite> <!-- Default suite -->
</testng-results>
